<?xml version="1.0" encoding="UTF-8"?>
<!-- Generated by org.testng.reporters.JUnitReportReporter -->
<testsuite hostname="Sukesh" failures="0" tests="1" name="sele_nium.Test1" time="1.569" errors="0" timestamp="2024-12-01T07:30:48 IST" skipped="0">
  <testcase classname="sele_nium.Test1" name="testsc" time="1.569"/>
  <system-out/>
</testsuite> <!-- sele_nium.Test1 -->
