<?xml version="1.0" encoding="UTF-8"?>
<!-- Generated by org.testng.reporters.JUnitReportReporter -->
<testsuite hostname="Sukesh" failures="0" tests="1" name="com.generic.BaseClass" time="8.617" errors="0" timestamp="2024-11-30T18:33:27 IST" skipped="0">
  <testcase classname="com.generic.BaseClass" name="openBrowser" time="8.617"/>
  <system-out/>
</testsuite> <!-- com.generic.BaseClass -->
